[1] Loading V6_C2 dataset... 0.0s
  V6_C2: 32000 recipes  0.9s
  X shape: (32000, 56), classes: 16

[2] Grid search: 16 combos
  K=  3 weights=uniform    top1=0.5062 (±0.0051)  top3=0.7030 (±0.0031)  4.9s
  K=  3 weights=distance   top1=0.5117 (±0.0022)  top3=0.7030 (±0.0031)  2.7s
  K=  5 weights=uniform    top1=0.5305 (±0.0050)  top3=0.7322 (±0.0039)  2.8s
  K=  5 weights=distance   top1=0.5386 (±0.0031)  top3=0.7370 (±0.0034)  2.9s
  K=  7 weights=uniform    top1=0.5368 (±0.0044)  top3=0.7488 (±0.0029)  3.0s
  K=  7 weights=distance   top1=0.5474 (±0.0044)  top3=0.7556 (±0.0028)  3.2s
  K= 10 weights=uniform    top1=0.5418 (±0.0049)  top3=0.7663 (±0.0033)  3.1s
  K= 10 weights=distance   top1=0.5513 (±0.0029)  top3=0.7722 (±0.0030)  3.3s
  K= 15 weights=uniform    top1=0.5433 (±0.0032)  top3=0.7780 (±0.0025)  3.4s
  K= 15 weights=distance   top1=0.5550 (±0.0029)  top3=0.7840 (±0.0027)  3.4s
  K= 20 weights=uniform    top1=0.5443 (±0.0035)  top3=0.7822 (±0.0031)  3.5s
  K= 20 weights=distance   top1=0.5530 (±0.0022)  top3=0.7892 (±0.0043)  3.7s
  K= 25 weights=uniform    top1=0.5427 (±0.0034)  top3=0.7864 (±0.0032)  5.1s
  K= 25 weights=distance   top1=0.5523 (±0.0037)  top3=0.7930 (±0.0053)  5.3s
  K= 30 weights=uniform    top1=0.5409 (±0.0046)  top3=0.7889 (±0.0034)  5.4s
  K= 30 weights=distance   top1=0.5512 (±0.0051)  top3=0.7951 (±0.0044)  5.6s

[3] Top 5 combo (top-1 mean):
  rank   K weights     top1_mean  top1_std  top3_mean
     1  15 distance       0.5550    0.0029     0.7840
     2  20 distance       0.5530    0.0022     0.7892
     3  25 distance       0.5523    0.0037     0.7930
     4  10 distance       0.5513    0.0029     0.7722
     5  30 distance       0.5512    0.0051     0.7951

Baseline V6_C2 (K=5, distance): top1=0.5386 ±0.0031, top3=0.7370
Best HT combo: K=15 weights=distance top1=0.5550 (Δ +1.64pp)

[DONE] _step60c_d3_ht_grid.json yazıldı  62.5s
